<?xml version="1.0" encoding="UTF-8"?>
<!-- Generated by org.testng.reporters.JUnitReportReporter -->
<testsuite skipped="0" hostname="OPBL-MAC-LVCF.local" name="com.demoApi.tests.OnBoardDemoApiTest" tests="3" failures="0" timestamp="26 Nov 2019 11:46:18 GMT" time="1.428" errors="0">
  <testcase name="onBoardDemoApiTest" time="1.166" classname="com.demoApi.tests.OnBoardDemoApiTest"/>
  <testcase name="fetchBillAPITest" time="0.230" classname="com.demoApi.tests.OnBoardDemoApiTest"/>
  <testcase name="makePaymentAPITest" time="0.032" classname="com.demoApi.tests.OnBoardDemoApiTest"/>
</testsuite> <!-- com.demoApi.tests.OnBoardDemoApiTest -->
