<?xml version="1.0" encoding="UTF-8"?>
<!-- Generated by org.testng.reporters.JUnitReportReporter -->
<testsuite skipped="0" hostname="OPBL-MAC-LVCF.local" name="com.demoApi.tests.APIDemoTests" tests="3" failures="0" timestamp="26 Nov 2019 11:47:44 GMT" time="1.287" errors="0">
  <testcase name="onBoardDemoApiTest" time="1.060" classname="com.demoApi.tests.APIDemoTests"/>
  <testcase name="fetchBillAPITest" time="0.192" classname="com.demoApi.tests.APIDemoTests"/>
  <testcase name="makePaymentAPITest" time="0.035" classname="com.demoApi.tests.APIDemoTests"/>
</testsuite> <!-- com.demoApi.tests.APIDemoTests -->
